-------------------
CSE247 Robot tester starts testing hash on 2019-04-01 08:28:18 -0500

========
Testing in ./GradingRepos/repos/cse247-s19-students-xinyuguo: hash as of 2019-03-23 00:10
========
Now in: /home/coles/git/cse247-support/GradingRepos/repos/cse247-s19-students-xinyuguo
Your branch is up-to-date with 'origin/master'.
HEAD is now at 98b6a6f Merge branch 'master' of ssh://bitbucket.org/cse247-s19/cse247-s19-students
No local changes to save

Updating 98b6a6f..a641b9c
Fast-forward
 RoboGrade/hash-test.TestStringTableFast.txt | 419 ++++++++++++++++++++++++++++
 1 file changed, 419 insertions(+)
 create mode 100644 RoboGrade/hash-test.TestStringTableFast.txt
Going back in time to: 2019-03-23 00:10
At hash fc035ab73100a6332918a2dfa0574d12622e1e4e

Buildfile: /home/coles/git/cse247-support/build.xml

copytest:
     [echo] would copy from /home/coles/git/cse247-s19-tas/ key xinyuguo testfilesource test/TestStringTableBasic package hash repo ./GradingRepos/repos/cse247-s19-students-xinyuguo
     [copy] Copying 1 file to /home/coles/git/cse247-support/GradingRepos/repos/cse247-s19-students-xinyuguo/labs/hash/test

BUILD SUCCESSFUL
Total time: 0 seconds
Buildfile: /home/coles/git/cse247-support/build.xml

copytest:
     [echo] would copy from /home/coles/git/cse247-s19-tas/ key xinyuguo testfilesource SeqReader package hash repo ./GradingRepos/repos/cse247-s19-students-xinyuguo
     [copy] Copying 1 file to /home/coles/git/cse247-support/GradingRepos/repos/cse247-s19-students-xinyuguo/labs/hash

BUILD SUCCESSFUL
Total time: 0 seconds
Compiling the code
Buildfile: /home/coles/git/cse247-support/build.xml

compile:
     [echo] Compiling hash/StringTable
    [mkdir] Created dir: /home/coles/git/cse247-support/GradingRepos/repos/cse247-s19-students-xinyuguo/bin
    [javac] Compiling 1 source file to /home/coles/git/cse247-support/GradingRepos/repos/cse247-s19-students-xinyuguo/bin

BUILD SUCCESSFUL
Total time: 1 second
Buildfile: /home/coles/git/cse247-support/build.xml

compile:
     [echo] Compiling hash/test/TestStringTableBasic
    [javac] Compiling 1 source file to /home/coles/git/cse247-support/GradingRepos/repos/cse247-s19-students-xinyuguo/bin

BUILD SUCCESSFUL
Total time: 1 second
Running test test.TestStringTableBasic
Buildfile: /home/coles/git/cse247-support/build.xml

test:
    [junit] Running hash.test.TestStringTableBasic
    [junit] Testsuite: hash.test.TestStringTableBasic
    [junit] Tests run: 5, Failures: 4, Errors: 0, Skipped: 0, Time elapsed: 0.138 sec
    [junit] Tests run: 5, Failures: 4, Errors: 0, Skipped: 0, Time elapsed: 0.138 sec
    [junit] 
    [junit] Testcase: testFind took 0.045 sec
    [junit] 	FAILED
    [junit] Could not find previously inserted record with stringabcdefg
    [junit] junit.framework.AssertionFailedError: Could not find previously inserted record with stringabcdefg
    [junit] 	at hash.test.TestStringTableBasic.testFind(TestStringTableBasic.java:102)
    [junit] 	at java.base/jdk.internal.reflect.NativeMethodAccessorImpl.invoke0(Native Method)
    [junit] 	at java.base/jdk.internal.reflect.NativeMethodAccessorImpl.invoke(NativeMethodAccessorImpl.java:62)
    [junit] 	at java.base/jdk.internal.reflect.DelegatingMethodAccessorImpl.invoke(DelegatingMethodAccessorImpl.java:43)
    [junit] 
    [junit] Testcase: testInit took 0 sec
    [junit] Testcase: testDelete took 0.015 sec
    [junit] 	FAILED
    [junit] Table size after deletions should be 8 expected:<0> but was:<8>
    [junit] junit.framework.AssertionFailedError: Table size after deletions should be 8 expected:<0> but was:<8>
    [junit] 	at hash.test.TestStringTableBasic.testDelete(TestStringTableBasic.java:157)
    [junit] 	at java.base/jdk.internal.reflect.NativeMethodAccessorImpl.invoke0(Native Method)
    [junit] 	at java.base/jdk.internal.reflect.NativeMethodAccessorImpl.invoke(NativeMethodAccessorImpl.java:62)
    [junit] 	at java.base/jdk.internal.reflect.DelegatingMethodAccessorImpl.invoke(DelegatingMethodAccessorImpl.java:43)
    [junit] 
    [junit] Testcase: testZeroHash took 0.005 sec
    [junit] 	FAILED
    [junit] All of your hash values return a hashcode of 0
    [junit] junit.framework.AssertionFailedError: All of your hash values return a hashcode of 0
    [junit] 	at hash.test.TestStringTableBasic.testZeroHash(TestStringTableBasic.java:134)
    [junit] 	at java.base/jdk.internal.reflect.NativeMethodAccessorImpl.invoke0(Native Method)
    [junit] 	at java.base/jdk.internal.reflect.NativeMethodAccessorImpl.invoke(NativeMethodAccessorImpl.java:62)
    [junit] 	at java.base/jdk.internal.reflect.DelegatingMethodAccessorImpl.invoke(DelegatingMethodAccessorImpl.java:43)
    [junit] 
    [junit] Testcase: testInsert took 0.019 sec
    [junit] 	FAILED
    [junit] Could not insert record with key abcdefg into table
    [junit] junit.framework.AssertionFailedError: Could not insert record with key abcdefg into table
    [junit] 	at hash.test.TestStringTableBasic.testInsert(TestStringTableBasic.java:69)
    [junit] 	at java.base/jdk.internal.reflect.NativeMethodAccessorImpl.invoke0(Native Method)
    [junit] 	at java.base/jdk.internal.reflect.NativeMethodAccessorImpl.invoke(NativeMethodAccessorImpl.java:62)
    [junit] 	at java.base/jdk.internal.reflect.DelegatingMethodAccessorImpl.invoke(DelegatingMethodAccessorImpl.java:43)
    [junit] 

BUILD FAILED
/home/coles/git/cse247-support/build.xml:34: Test hash.test.TestStringTableBasic failed

Total time: 1 second

========
Testing in ./GradingRepos/repos/cse247-s19-students-xinyuguo: hash as of 2019-03-30 00:10
========
Now in: /home/coles/git/cse247-support/GradingRepos/repos/cse247-s19-students-xinyuguo
Your branch is up-to-date with 'origin/master'.
HEAD is now at a641b9c robograde
No local changes to save

Already up-to-date.
Going back in time to: 2019-03-30 00:10
At hash fc035ab73100a6332918a2dfa0574d12622e1e4e

Buildfile: /home/coles/git/cse247-support/build.xml

copytest:
     [echo] would copy from /home/coles/git/cse247-s19-tas/ key xinyuguo testfilesource test/TestStringTableBasic package hash repo ./GradingRepos/repos/cse247-s19-students-xinyuguo
     [copy] Copying 1 file to /home/coles/git/cse247-support/GradingRepos/repos/cse247-s19-students-xinyuguo/labs/hash/test

BUILD SUCCESSFUL
Total time: 0 seconds
Buildfile: /home/coles/git/cse247-support/build.xml

copytest:
     [echo] would copy from /home/coles/git/cse247-s19-tas/ key xinyuguo testfilesource SeqReader package hash repo ./GradingRepos/repos/cse247-s19-students-xinyuguo
     [copy] Copying 1 file to /home/coles/git/cse247-support/GradingRepos/repos/cse247-s19-students-xinyuguo/labs/hash

BUILD SUCCESSFUL
Total time: 0 seconds
Compiling the code
Buildfile: /home/coles/git/cse247-support/build.xml

compile:
     [echo] Compiling hash/StringTable
    [mkdir] Created dir: /home/coles/git/cse247-support/GradingRepos/repos/cse247-s19-students-xinyuguo/bin
    [javac] Compiling 1 source file to /home/coles/git/cse247-support/GradingRepos/repos/cse247-s19-students-xinyuguo/bin

BUILD SUCCESSFUL
Total time: 1 second
Buildfile: /home/coles/git/cse247-support/build.xml

compile:
     [echo] Compiling hash/test/TestStringTableBasic
    [javac] Compiling 1 source file to /home/coles/git/cse247-support/GradingRepos/repos/cse247-s19-students-xinyuguo/bin

BUILD SUCCESSFUL
Total time: 1 second
Running test test.TestStringTableBasic
Buildfile: /home/coles/git/cse247-support/build.xml

test:
    [junit] Running hash.test.TestStringTableBasic
    [junit] Testsuite: hash.test.TestStringTableBasic
    [junit] Tests run: 5, Failures: 4, Errors: 0, Skipped: 0, Time elapsed: 0.114 sec
    [junit] Tests run: 5, Failures: 4, Errors: 0, Skipped: 0, Time elapsed: 0.114 sec
    [junit] 
    [junit] Testcase: testFind took 0.035 sec
    [junit] 	FAILED
    [junit] Could not find previously inserted record with stringabcdefg
    [junit] junit.framework.AssertionFailedError: Could not find previously inserted record with stringabcdefg
    [junit] 	at hash.test.TestStringTableBasic.testFind(TestStringTableBasic.java:102)
    [junit] 	at java.base/jdk.internal.reflect.NativeMethodAccessorImpl.invoke0(Native Method)
    [junit] 	at java.base/jdk.internal.reflect.NativeMethodAccessorImpl.invoke(NativeMethodAccessorImpl.java:62)
    [junit] 	at java.base/jdk.internal.reflect.DelegatingMethodAccessorImpl.invoke(DelegatingMethodAccessorImpl.java:43)
    [junit] 
    [junit] Testcase: testInit took 0.001 sec
    [junit] Testcase: testDelete took 0.016 sec
    [junit] 	FAILED
    [junit] Table size after deletions should be 8 expected:<0> but was:<8>
    [junit] junit.framework.AssertionFailedError: Table size after deletions should be 8 expected:<0> but was:<8>
    [junit] 	at hash.test.TestStringTableBasic.testDelete(TestStringTableBasic.java:157)
    [junit] 	at java.base/jdk.internal.reflect.NativeMethodAccessorImpl.invoke0(Native Method)
    [junit] 	at java.base/jdk.internal.reflect.NativeMethodAccessorImpl.invoke(NativeMethodAccessorImpl.java:62)
    [junit] 	at java.base/jdk.internal.reflect.DelegatingMethodAccessorImpl.invoke(DelegatingMethodAccessorImpl.java:43)
    [junit] 
    [junit] Testcase: testZeroHash took 0.004 sec
    [junit] 	FAILED
    [junit] All of your hash values return a hashcode of 0
    [junit] junit.framework.AssertionFailedError: All of your hash values return a hashcode of 0
    [junit] 	at hash.test.TestStringTableBasic.testZeroHash(TestStringTableBasic.java:134)
    [junit] 	at java.base/jdk.internal.reflect.NativeMethodAccessorImpl.invoke0(Native Method)
    [junit] 	at java.base/jdk.internal.reflect.NativeMethodAccessorImpl.invoke(NativeMethodAccessorImpl.java:62)
    [junit] 	at java.base/jdk.internal.reflect.DelegatingMethodAccessorImpl.invoke(DelegatingMethodAccessorImpl.java:43)
    [junit] 
    [junit] Testcase: testInsert took 0.013 sec
    [junit] 	FAILED
    [junit] Could not insert record with key abcdefg into table
    [junit] junit.framework.AssertionFailedError: Could not insert record with key abcdefg into table
    [junit] 	at hash.test.TestStringTableBasic.testInsert(TestStringTableBasic.java:69)
    [junit] 	at java.base/jdk.internal.reflect.NativeMethodAccessorImpl.invoke0(Native Method)
    [junit] 	at java.base/jdk.internal.reflect.NativeMethodAccessorImpl.invoke(NativeMethodAccessorImpl.java:62)
    [junit] 	at java.base/jdk.internal.reflect.DelegatingMethodAccessorImpl.invoke(DelegatingMethodAccessorImpl.java:43)
    [junit] 

BUILD FAILED
/home/coles/git/cse247-support/build.xml:34: Test hash.test.TestStringTableBasic failed

Total time: 1 second

================
Lab is not counted -- failed unit tests
================

CSE247 Robot tester ends testing hash on 2019-04-01 08:28:35 -0500
-------------------
